
> skybridge@0.1.0 build
> next build

[baseline-browser-mapping] The data in this module is over two months old.  To ensure accurate Baseline data, please update: `npm i baseline-browser-mapping@latest -D`
   ▲ Next.js 16.0.3 (Turbopack)

   Creating an optimized production build ...
[baseline-browser-mapping] The data in this module is over two months old.  To ensure accurate Baseline data, please update: `npm i baseline-browser-mapping@latest -D`
[baseline-browser-mapping] The data in this module is over two months old.  To ensure accurate Baseline data, please update: `npm i baseline-browser-mapping@latest -D`
Turbopack build encountered 1 warnings:
./src/app/globals.scss
Issue while running loader
SassWarning: Deprecation Warning on line 11, column 8 of file:///D:/1host-projects/1react-projects/crm-sky-react/sky-crm/src/app/styles/main.scss:11:8:
Sass @import rules are deprecated and will be removed in Dart Sass 3.0.0.

More info and automated migrator: https://sass-lang.com/d/import

11 | @import "./helper";


src\app\styles\main.scss 12:9  @use
src\app\globals.scss 1:1       root stylesheet



 ✓ Compiled successfully in 6.9s
   Running TypeScript ...
   Collecting page data using 11 workers ...
[baseline-browser-mapping] The data in this module is over two months old.  To ensure accurate Baseline data, please update: `npm i baseline-browser-mapping@latest -D`
[baseline-browser-mapping] The data in this module is over two months old.  To ensure accurate Baseline data, please update: `npm i baseline-browser-mapping@latest -D`
[baseline-browser-mapping] The data in this module is over two months old.  To ensure accurate Baseline data, please update: `npm i baseline-browser-mapping@latest -D`
[baseline-browser-mapping] The data in this module is over two months old.  To ensure accurate Baseline data, please update: `npm i baseline-browser-mapping@latest -D`
[baseline-browser-mapping] The data in this module is over two months old.  To ensure accurate Baseline data, please update: `npm i baseline-browser-mapping@latest -D`
[baseline-browser-mapping] The data in this module is over two months old.  To ensure accurate Baseline data, please update: `npm i baseline-browser-mapping@latest -D`
[baseline-browser-mapping] The data in this module is over two months old.  To ensure accurate Baseline data, please update: `npm i baseline-browser-mapping@latest -D`
[baseline-browser-mapping] The data in this module is over two months old.  To ensure accurate Baseline data, please update: `npm i baseline-browser-mapping@latest -D`
[baseline-browser-mapping] The data in this module is over two months old.  To ensure accurate Baseline data, please update: `npm i baseline-browser-mapping@latest -D`
[baseline-browser-mapping] The data in this module is over two months old.  To ensure accurate Baseline data, please update: `npm i baseline-browser-mapping@latest -D`
[baseline-browser-mapping] The data in this module is over two months old.  To ensure accurate Baseline data, please update: `npm i baseline-browser-mapping@latest -D`
   Generating static pages using 11 workers (0/14) ...
[baseline-browser-mapping] The data in this module is over two months old.  To ensure accurate Baseline data, please update: `npm i baseline-browser-mapping@latest -D`
Error occurred prerendering page "/dashboard/categories". Read more: https://nextjs.org/docs/messages/prerender-error
ReferenceError: document is not defined
    at Q (D:\1host-projects\1react-projects\crm-sky-react\sky-crm\.next\server\chunks\ssr\_e283ae9a._.js:1:9031)
    at <unknown> (D:\1host-projects\1react-projects\crm-sky-react\sky-crm\.next\server\chunks\ssr\_e283ae9a._.js:1:9859)
    at module evaluation (D:\1host-projects\1react-projects\crm-sky-react\sky-crm\.next\server\chunks\ssr\_e283ae9a._.js:1:79060)
    at instantiateModule (D:\1host-projects\1react-projects\crm-sky-react\sky-crm\.next\server\chunks\ssr\[turbopack]_runtime.js:715:9)
    at getOrInstantiateModuleFromParent (D:\1host-projects\1react-projects\crm-sky-react\sky-crm\.next\server\chunks\ssr\[turbopack]_runtime.js:738:12)
    at Context.esmImport [as i] (D:\1host-projects\1react-projects\crm-sky-react\sky-crm\.next\server\chunks\ssr\[turbopack]_runtime.js:228:20)
    at module evaluation (D:\1host-projects\1react-projects\crm-sky-react\sky-crm\.next\server\chunks\ssr\_e283ae9a._.js:1:79157)
    at instantiateModule (D:\1host-projects\1react-projects\crm-sky-react\sky-crm\.next\server\chunks\ssr\[turbopack]_runtime.js:715:9)
    at getOrInstantiateModuleFromParent (D:\1host-projects\1react-projects\crm-sky-react\sky-crm\.next\server\chunks\ssr\[turbopack]_runtime.js:738:12)
    at Context.commonJsRequire [as r] (D:\1host-projects\1react-projects\crm-sky-react\sky-crm\.next\server\chunks\ssr\[turbopack]_runtime.js:249:12) {
  digest: '695444032'
}
Export encountered an error on /dashboard/categories/page: /dashboard/categories, exiting the build.
 ⨯ Next.js build worker exited with code: 1 and signal: null
